<?xml version="1.0" encoding="UTF-8"?><testsuite errors="0" failures="0" name="Automate the elements for demoqa.com" skipped="0" tests="7" time="127.29" timestamp="2024-07-19 06:38:00"><testcase name="interacting with option Text Box"/><testcase name="interacting with option Check Box"/><testcase name="interacting with option Radio Button"/><testcase name="interacting with option Web Tables"/><testcase name="interacting with option Buttons"/><testcase name="interacting with option Links"/><testcase name="interacting with option Upload and Download"/></testsuite>