<?xml version="1.0" encoding="UTF-8"?><testsuite errors="0" failures="1" name="Automate the section alerts frames y windows for demoqa.com" skipped="0" tests="1" time="19.69" timestamp="2024-07-19 07:23:22"><testcase name="interacting with option Text Box"><failure message="Expected enabled element was not enabled" type="net.thucydides.core.webdriver.exceptions.ElementShouldBeEnabledException">Expected enabled element was not enabled</failure><system-err>Expected enabled element was not enabled&#13;
com.luisautomation.interactions.SelectsAlertsFrames.performAs(SelectsAlertsFrames.java:17)&#13;
com.luisautomation.stepdefinitions.AlertsFramesStepDefinitions.selectsTheOptionAlertsFramesAndWindows(AlertsFramesStepDefinitions.java:27)&#13;
cucumber.runner.Runner.runPickle(Runner.java:80)&#13;
worker.org.gradle.process.internal.worker.GradleWorkerMain.run(GradleWorkerMain.java:69)&#13;
worker.org.gradle.process.internal.worker.GradleWorkerMain.main(GradleWorkerMain.java:74)&#13;
</system-err></testcase></testsuite>